[debug] [2026-05-02T22:10:46.290Z] ----------------------------------------------------------------------
[debug] [2026-05-02T22:10:46.294Z] Command:       C:\Program Files\nodejs\node.exe C:\Users\Lenovo\AppData\Roaming\npm\node_modules\firebase-tools\lib\bin\firebase.js init dataconnect
[debug] [2026-05-02T22:10:46.295Z] CLI Version:   15.16.0
[debug] [2026-05-02T22:10:46.295Z] Platform:      win32
[debug] [2026-05-02T22:10:46.295Z] Node Version:  v24.14.1
[debug] [2026-05-02T22:10:46.296Z] Time:          Sun May 03 2026 03:10:46 GMT+0500 (Pakistan Standard Time)
[debug] [2026-05-02T22:10:46.296Z] ----------------------------------------------------------------------
[debug] 
[info] 
     ######## #### ########  ######## ########     ###     ######  ########
     ##        ##  ##     ## ##       ##     ##  ##   ##  ##       ##
     ######    ##  ########  ######   ########  #########  ######  ######
     ##        ##  ##    ##  ##       ##     ## ##     ##       ## ##
     ##       #### ##     ## ######## ########  ##     ##  ######  ########

You're about to initialize a Firebase project in this directory:

  C:\Users\Lenovo\Documents\GitHub\Skilled

Before we get started, keep in mind:

  * You are initializing within an existing Firebase project directory

[info] 
=== Project Setup
[info] 
[info] First, let's associate this project directory with a Firebase project.
[info] You can create multiple project aliases by running firebase use --add, 
[info] 
[debug] [2026-05-02T22:12:58.594Z] > command requires scopes: ["email","openid","https://www.googleapis.com/auth/cloudplatformprojects.readonly","https://www.googleapis.com/auth/firebase","https://www.googleapis.com/auth/cloud-platform"]
[debug] [2026-05-02T22:12:58.595Z] > authorizing via signed-in user (imarslan7061@gmail.com)
[debug] [2026-05-02T22:12:58.604Z] Checked if tokens are valid: true, expires at: 1777763414938
[debug] [2026-05-02T22:12:58.605Z] Checked if tokens are valid: true, expires at: 1777763414938
[debug] [2026-05-02T22:12:58.607Z] >>> [apiv2][query] GET https://firebase.googleapis.com/v1beta1/projects/skild-73cae [none]
[debug] [2026-05-02T22:12:59.449Z] <<< [apiv2][status] GET https://firebase.googleapis.com/v1beta1/projects/skild-73cae 403
[debug] [2026-05-02T22:12:59.450Z] <<< [apiv2][body] GET https://firebase.googleapis.com/v1beta1/projects/skild-73cae {"error":{"code":403,"message":"The caller does not have permission","status":"PERMISSION_DENIED"}}
[debug] [2026-05-02T22:12:59.452Z] Request to https://firebase.googleapis.com/v1beta1/projects/skild-73cae had HTTP Error: 403, The caller does not have permission
[debug] [2026-05-02T22:12:59.901Z] FirebaseError: Request to https://firebase.googleapis.com/v1beta1/projects/skild-73cae had HTTP Error: 403, The caller does not have permission
    at responseToError (C:\Users\Lenovo\AppData\Roaming\npm\node_modules\firebase-tools\lib\responseToError.js:53:12)
    at RetryOperation._fn (C:\Users\Lenovo\AppData\Roaming\npm\node_modules\firebase-tools\lib\apiv2.js:333:77)
    at process.processTicksAndRejections (node:internal/process/task_queues:104:5)
[error] 
[error] Error: Failed to get Firebase project skild-73cae. Please make sure the project exists and your account has permission to access it.
